0 info it worked if it ends with ok
1 verbose cli [ '/usr/bin/nodejs', '/usr/bin/npm', 'start' ]
2 info using npm@3.3.12
3 info using node@v5.5.0
4 verbose run-script [ 'prestart', 'start', 'poststart' ]
5 info lifecycle spotiremote@0.0.1~prestart: spotiremote@0.0.1
6 silly lifecycle spotiremote@0.0.1~prestart: no script for prestart, continuing
7 info lifecycle spotiremote@0.0.1~start: spotiremote@0.0.1
8 verbose lifecycle spotiremote@0.0.1~start: unsafe-perm in lifecycle true
9 verbose lifecycle spotiremote@0.0.1~start: PATH: /usr/lib/node_modules/npm/bin/node-gyp-bin:/home/yashade/spotiremote/node_modules/.bin:/home/yashade/bin:/usr/local/sbin:/usr/local/bin:/usr/sbin:/usr/bin:/sbin:/bin:/usr/games:/usr/local/games:/usr/lib/jvm/java-8-oracle/bin:/usr/lib/jvm/java-8-oracle/db/bin:/usr/lib/jvm/java-8-oracle/jre/bin:/home/yashade/genymotion
10 verbose lifecycle spotiremote@0.0.1~start: CWD: /home/yashade/spotiremote
11 silly lifecycle spotiremote@0.0.1~start: Args: [ '-c', 'node your-script.js' ]
12 silly lifecycle spotiremote@0.0.1~start: Returned: code: 1  signal: null
13 info lifecycle spotiremote@0.0.1~start: Failed to exec start script
14 verbose stack Error: spotiremote@0.0.1 start: `node your-script.js`
14 verbose stack Exit status 1
14 verbose stack     at EventEmitter.<anonymous> (/usr/lib/node_modules/npm/lib/utils/lifecycle.js:232:16)
14 verbose stack     at emitTwo (events.js:100:13)
14 verbose stack     at EventEmitter.emit (events.js:185:7)
14 verbose stack     at ChildProcess.<anonymous> (/usr/lib/node_modules/npm/lib/utils/spawn.js:24:14)
14 verbose stack     at emitTwo (events.js:100:13)
14 verbose stack     at ChildProcess.emit (events.js:185:7)
14 verbose stack     at maybeClose (internal/child_process.js:821:16)
14 verbose stack     at Process.ChildProcess._handle.onexit (internal/child_process.js:211:5)
15 verbose pkgid spotiremote@0.0.1
16 verbose cwd /home/yashade/spotiremote
17 error Linux 3.13.0-44-generic
18 error argv "/usr/bin/nodejs" "/usr/bin/npm" "start"
19 error node v5.5.0
20 error npm  v3.3.12
21 error code ELIFECYCLE
22 error spotiremote@0.0.1 start: `node your-script.js`
22 error Exit status 1
23 error Failed at the spotiremote@0.0.1 start script 'node your-script.js'.
23 error Make sure you have the latest version of node.js and npm installed.
23 error If you do, this is most likely a problem with the spotiremote package,
23 error not with npm itself.
23 error Tell the author that this fails on your system:
23 error     node your-script.js
23 error You can get their info via:
23 error     npm owner ls spotiremote
23 error There is likely additional logging output above.
24 verbose exit [ 1, true ]
